<?xml version="1.0" encoding="UTF-8"?>
<testsuite name="Run on Chrome"
           tests="6"
           failures="0"
           errors="0"
           skipped="0"
           time="7.776">
  <properties />
  
  
            <testcase name="Login_03_Email_Not_Found" time="1.053" classname="com.nopcommerce.user.User_01_Login" />
                <testcase name="Login_05_Exiting_Email_And_Incorrect_Password" time="1.498" classname="com.nopcommerce.user.User_01_Login" />
                <testcase name="Login_01_Empty_Data" time="0.858" classname="com.nopcommerce.user.User_01_Login" />
                <testcase name="Login_02_Invalid_Email" time="0.905" classname="com.nopcommerce.user.User_01_Login" />
                <testcase name="Login_04_Exiting_Email_And_Emty_Password" time="1.227" classname="com.nopcommerce.user.User_01_Login" />
                <testcase name="Login_06_Success" time="2.235" classname="com.nopcommerce.user.User_01_Login" />
      
</testsuite>
